#-----------------------------------------------------------
# Vivado v2019.1 (64-bit)
# SW Build 2552052 on Fri May 24 14:49:42 MDT 2019
# IP Build 2548770 on Fri May 24 18:01:18 MDT 2019
# Start of session at: Mon Apr 11 13:38:37 2022
# Process ID: 19464
# Current directory: C:/Users/jones/Desktop/EE316-Lab6/Cora-Z7-07S-Pmod-VGA-2018.2-1/vivado_proj
# Command line: vivado.exe -gui_launcher_event rodinguilauncherevent2780 C:\Users\jones\Desktop\EE316-Lab6\Cora-Z7-07S-Pmod-VGA-2018.2-1\vivado_proj\Cora-Z7-07S-Pmod-VGA.xpr
# Log file: C:/Users/jones/Desktop/EE316-Lab6/Cora-Z7-07S-Pmod-VGA-2018.2-1/vivado_proj/vivado.log
# Journal file: C:/Users/jones/Desktop/EE316-Lab6/Cora-Z7-07S-Pmod-VGA-2018.2-1/vivado_proj\vivado.jou
#-----------------------------------------------------------
start_gui
open_project C:/Users/jones/Desktop/EE316-Lab6/Cora-Z7-07S-Pmod-VGA-2018.2-1/vivado_proj/Cora-Z7-07S-Pmod-VGA.xpr
WARNING: [Board 49-91] Board repository path 'C:/Users/jones/AppData/Roaming/Xilinx/Vivado/2019.1/xhub/board_store' does not exist, it will not be used to search board files.
Scanning sources...
Finished scanning sources
WARNING: [filemgmt 56-3] Board Part Repository Path: Could not find the directory 'C:/Users/jones/AppData/Roaming/Xilinx/Vivado/2019.1/xhub/board_store'.
WARNING: [filemgmt 56-3] IP Repository Path: Could not find the directory 'C:/Users/jones/repo'.
INFO: [IP_Flow 19-234] Refreshing IP repositories
WARNING: [IP_Flow 19-2248] Failed to load user IP repository 'c:/Users/jones/repo'; Can't find the specified path.
If this directory should no longer be in your list of user repositories, go to the IP Settings dialog and remove it.
INFO: [IP_Flow 19-2313] Loaded Vivado IP repository 'C:/Xilinx/Vivado/2019.1/data/ip'.
open_project: Time (s): cpu = 00:00:22 ; elapsed = 00:00:11 . Memory (MB): peak = 940.988 ; gain = 166.746
update_compile_order -fileset sources_1
open_hw
connect_hw_server
INFO: [Labtools 27-2285] Connecting to hw_server url TCP:localhost:3121
INFO: [Labtools 27-2222] Launching hw_server...
INFO: [Labtools 27-2221] Launch Output:

****** Xilinx hw_server v2019.1
  **** Build date : May 24 2019 at 15:13:31
    ** Copyright 1986-2019 Xilinx, Inc. All Rights Reserved.


connect_hw_server: Time (s): cpu = 00:00:01 ; elapsed = 00:00:05 . Memory (MB): peak = 1027.027 ; gain = 0.000
open_hw_target
INFO: [Labtoolstcl 44-466] Opening hw_target localhost:3121/xilinx_tcf/Digilent/210370AFD299A
open_hw_target: Time (s): cpu = 00:00:06 ; elapsed = 00:00:08 . Memory (MB): peak = 2116.180 ; gain = 1089.152
set_property PROGRAM.FILE {C:/Users/jones/Desktop/EE316-Lab6/Cora-Z7-07S-Pmod-VGA-2018.2-1/vivado_proj/Cora-Z7-07S-Pmod-VGA.runs/impl_1/top.bit} [get_hw_devices xc7z007s_1]
current_hw_device [get_hw_devices xc7z007s_1]
refresh_hw_device -update_hw_probes false [lindex [get_hw_devices xc7z007s_1] 0]
INFO: [Labtools 27-1435] Device xc7z007s (JTAG device index = 1) is not programmed (DONE status = 0).
set_property PROBES.FILE {} [get_hw_devices xc7z007s_1]
set_property FULL_PROBES.FILE {} [get_hw_devices xc7z007s_1]
set_property PROGRAM.FILE {C:/Users/jones/Desktop/EE316-Lab6/Cora-Z7-07S-Pmod-VGA-2018.2-1/vivado_proj/Cora-Z7-07S-Pmod-VGA.runs/impl_1/top.bit} [get_hw_devices xc7z007s_1]
program_hw_devices [get_hw_devices xc7z007s_1]
INFO: [Labtools 27-3164] End of startup status: HIGH
refresh_hw_device [lindex [get_hw_devices xc7z007s_1] 0]
INFO: [Labtools 27-1434] Device xc7z007s (JTAG device index = 1) is programmed with a design that has no supported debug core(s) in it.
ERROR: [Labtoolstcl 44-513] HW Target shutdown. Closing target: localhost:3121/xilinx_tcf/Digilent/210370AFD299A
exit
INFO: [Common 17-206] Exiting Vivado at Mon Apr 11 13:41:16 2022...
