
*** Running vivado
    with args -log design_1_keyboard_subordinate_0_0.vds -m64 -product Vivado -mode batch -messageDb vivado.pb -notrace -source design_1_keyboard_subordinate_0_0.tcl


****** Vivado v2019.1 (64-bit)
  **** SW Build 2552052 on Fri May 24 14:49:42 MDT 2019
  **** IP Build 2548770 on Fri May 24 18:01:18 MDT 2019
    ** Copyright 1986-2019 Xilinx, Inc. All Rights Reserved.

source design_1_keyboard_subordinate_0_0.tcl -notrace
INFO: [IP_Flow 19-234] Refreshing IP repositories
INFO: [IP_Flow 19-1700] Loaded user IP repository 'c:/Users/jones/Desktop/EE316-Lab6/ip_repo/vga_bram_1.0'.
INFO: [IP_Flow 19-1700] Loaded user IP repository 'c:/Users/jones/Desktop/EE316-Lab6/ip_repo/keyboard_subordinate_1.0'.
INFO: [IP_Flow 19-1700] Loaded user IP repository 'c:/Users/jones/Desktop/EE316-Lab6/ip_repo/videomemlab_master_1.0'.
INFO: [IP_Flow 19-2313] Loaded Vivado IP repository 'C:/Xilinx/Vivado/2019.1/data/ip'.
Command: synth_design -top design_1_keyboard_subordinate_0_0 -part xc7z007sclg400-1 -mode out_of_context
Starting synth_design
Attempting to get a license for feature 'Synthesis' and/or device 'xc7z007s'
INFO: [Common 17-349] Got license for feature 'Synthesis' and/or device 'xc7z007s'
INFO: [Device 21-403] Loading part xc7z007sclg400-1
INFO: Launching helper process for spawning children vivado processes
INFO: Helper process launched with PID 16220 
---------------------------------------------------------------------------------
Starting RTL Elaboration : Time (s): cpu = 00:00:03 ; elapsed = 00:00:04 . Memory (MB): peak = 826.855 ; gain = 177.277
---------------------------------------------------------------------------------
INFO: [Synth 8-638] synthesizing module 'design_1_keyboard_subordinate_0_0' [c:/Users/jones/Desktop/EE316-Lab6/Lab6/Lab6.srcs/sources_1/bd/design_1/ip/design_1_keyboard_subordinate_0_0/synth/design_1_keyboard_subordinate_0_0.vhd:85]
	Parameter C_S00_AXI_DATA_WIDTH bound to: 32 - type: integer 
	Parameter C_S00_AXI_ADDR_WIDTH bound to: 4 - type: integer 
INFO: [Synth 8-3491] module 'keyboard_subordinate_v1_0' declared at 'c:/Users/jones/Desktop/EE316-Lab6/Lab6/Lab6.srcs/sources_1/bd/design_1/ipshared/9c18/hdl/keyboard_subordinate_v1_0.vhd:5' bound to instance 'U0' of component 'keyboard_subordinate_v1_0' [c:/Users/jones/Desktop/EE316-Lab6/Lab6/Lab6.srcs/sources_1/bd/design_1/ip/design_1_keyboard_subordinate_0_0/synth/design_1_keyboard_subordinate_0_0.vhd:154]
INFO: [Synth 8-638] synthesizing module 'keyboard_subordinate_v1_0' [c:/Users/jones/Desktop/EE316-Lab6/Lab6/Lab6.srcs/sources_1/bd/design_1/ipshared/9c18/hdl/keyboard_subordinate_v1_0.vhd:51]
	Parameter C_S00_AXI_DATA_WIDTH bound to: 32 - type: integer 
	Parameter C_S00_AXI_ADDR_WIDTH bound to: 4 - type: integer 
	Parameter C_S_AXI_DATA_WIDTH bound to: 32 - type: integer 
	Parameter C_S_AXI_ADDR_WIDTH bound to: 4 - type: integer 
INFO: [Synth 8-3491] module 'keyboard_subordinate_v1_0_S00_AXI' declared at 'c:/Users/jones/Desktop/EE316-Lab6/Lab6/Lab6.srcs/sources_1/bd/design_1/ipshared/9c18/hdl/keyboard_subordinate_v1_0_S00_AXI.vhd:5' bound to instance 'keyboard_subordinate_v1_0_S00_AXI_inst' of component 'keyboard_subordinate_v1_0_S00_AXI' [c:/Users/jones/Desktop/EE316-Lab6/Lab6/Lab6.srcs/sources_1/bd/design_1/ipshared/9c18/hdl/keyboard_subordinate_v1_0.vhd:91]
INFO: [Synth 8-638] synthesizing module 'keyboard_subordinate_v1_0_S00_AXI' [c:/Users/jones/Desktop/EE316-Lab6/Lab6/Lab6.srcs/sources_1/bd/design_1/ipshared/9c18/hdl/keyboard_subordinate_v1_0_S00_AXI.vhd:88]
	Parameter C_S_AXI_DATA_WIDTH bound to: 32 - type: integer 
	Parameter C_S_AXI_ADDR_WIDTH bound to: 4 - type: integer 
INFO: [Synth 8-226] default block is never used [c:/Users/jones/Desktop/EE316-Lab6/Lab6/Lab6.srcs/sources_1/bd/design_1/ipshared/9c18/hdl/keyboard_subordinate_v1_0_S00_AXI.vhd:243]
INFO: [Synth 8-226] default block is never used [c:/Users/jones/Desktop/EE316-Lab6/Lab6/Lab6.srcs/sources_1/bd/design_1/ipshared/9c18/hdl/keyboard_subordinate_v1_0_S00_AXI.vhd:373]
	Parameter clk_freq bound to: 100000000 - type: integer 
	Parameter debounce_counter_size bound to: 9 - type: integer 
INFO: [Synth 8-3491] module 'ps2_keyboard' declared at 'c:/Users/jones/Desktop/EE316-Lab6/Lab6/Lab6.srcs/sources_1/bd/design_1/ipshared/9c18/src/ps2_keyboard.vhd:26' bound to instance 'Inst_keyboard' of component 'ps2_keyboard' [c:/Users/jones/Desktop/EE316-Lab6/Lab6/Lab6.srcs/sources_1/bd/design_1/ipshared/9c18/hdl/keyboard_subordinate_v1_0_S00_AXI.vhd:408]
INFO: [Synth 8-638] synthesizing module 'ps2_keyboard' [c:/Users/jones/Desktop/EE316-Lab6/Lab6/Lab6.srcs/sources_1/bd/design_1/ipshared/9c18/src/ps2_keyboard.vhd:38]
	Parameter clk_freq bound to: 100000000 - type: integer 
	Parameter debounce_counter_size bound to: 9 - type: integer 
	Parameter counter_size bound to: 9 - type: integer 
INFO: [Synth 8-3491] module 'debounce' declared at 'c:/Users/jones/Desktop/EE316-Lab6/Lab6/Lab6.srcs/sources_1/bd/design_1/ipshared/9c18/src/debounce.vhd:27' bound to instance 'debounce_ps2_clk' of component 'debounce' [c:/Users/jones/Desktop/EE316-Lab6/Lab6/Lab6.srcs/sources_1/bd/design_1/ipshared/9c18/src/ps2_keyboard.vhd:67]
INFO: [Synth 8-638] synthesizing module 'debounce' [c:/Users/jones/Desktop/EE316-Lab6/Lab6/Lab6.srcs/sources_1/bd/design_1/ipshared/9c18/src/debounce.vhd:36]
	Parameter counter_size bound to: 9 - type: integer 
INFO: [Synth 8-256] done synthesizing module 'debounce' (1#1) [c:/Users/jones/Desktop/EE316-Lab6/Lab6/Lab6.srcs/sources_1/bd/design_1/ipshared/9c18/src/debounce.vhd:36]
	Parameter counter_size bound to: 9 - type: integer 
INFO: [Synth 8-3491] module 'debounce' declared at 'c:/Users/jones/Desktop/EE316-Lab6/Lab6/Lab6.srcs/sources_1/bd/design_1/ipshared/9c18/src/debounce.vhd:27' bound to instance 'debounce_ps2_data' of component 'debounce' [c:/Users/jones/Desktop/EE316-Lab6/Lab6/Lab6.srcs/sources_1/bd/design_1/ipshared/9c18/src/ps2_keyboard.vhd:70]
INFO: [Synth 8-256] done synthesizing module 'ps2_keyboard' (2#1) [c:/Users/jones/Desktop/EE316-Lab6/Lab6/Lab6.srcs/sources_1/bd/design_1/ipshared/9c18/src/ps2_keyboard.vhd:38]
WARNING: [Synth 8-614] signal 'new_edge' is read in the process but is not in the sensitivity list [c:/Users/jones/Desktop/EE316-Lab6/Lab6/Lab6.srcs/sources_1/bd/design_1/ipshared/9c18/hdl/keyboard_subordinate_v1_0_S00_AXI.vhd:420]
WARNING: [Synth 8-614] signal 'S_AXI_AWVALID' is read in the process but is not in the sensitivity list [c:/Users/jones/Desktop/EE316-Lab6/Lab6/Lab6.srcs/sources_1/bd/design_1/ipshared/9c18/hdl/keyboard_subordinate_v1_0_S00_AXI.vhd:420]
WARNING: [Synth 8-6014] Unused sequential element loc_addr_reg was removed.  [c:/Users/jones/Desktop/EE316-Lab6/Lab6/Lab6.srcs/sources_1/bd/design_1/ipshared/9c18/hdl/keyboard_subordinate_v1_0_S00_AXI.vhd:241]
INFO: [Synth 8-256] done synthesizing module 'keyboard_subordinate_v1_0_S00_AXI' (3#1) [c:/Users/jones/Desktop/EE316-Lab6/Lab6/Lab6.srcs/sources_1/bd/design_1/ipshared/9c18/hdl/keyboard_subordinate_v1_0_S00_AXI.vhd:88]
INFO: [Synth 8-256] done synthesizing module 'keyboard_subordinate_v1_0' (4#1) [c:/Users/jones/Desktop/EE316-Lab6/Lab6/Lab6.srcs/sources_1/bd/design_1/ipshared/9c18/hdl/keyboard_subordinate_v1_0.vhd:51]
INFO: [Synth 8-256] done synthesizing module 'design_1_keyboard_subordinate_0_0' (5#1) [c:/Users/jones/Desktop/EE316-Lab6/Lab6/Lab6.srcs/sources_1/bd/design_1/ip/design_1_keyboard_subordinate_0_0/synth/design_1_keyboard_subordinate_0_0.vhd:85]
WARNING: [Synth 8-3331] design keyboard_subordinate_v1_0_S00_AXI has unconnected port S_AXI_AWPROT[2]
WARNING: [Synth 8-3331] design keyboard_subordinate_v1_0_S00_AXI has unconnected port S_AXI_AWPROT[1]
WARNING: [Synth 8-3331] design keyboard_subordinate_v1_0_S00_AXI has unconnected port S_AXI_AWPROT[0]
WARNING: [Synth 8-3331] design keyboard_subordinate_v1_0_S00_AXI has unconnected port S_AXI_ARPROT[2]
WARNING: [Synth 8-3331] design keyboard_subordinate_v1_0_S00_AXI has unconnected port S_AXI_ARPROT[1]
WARNING: [Synth 8-3331] design keyboard_subordinate_v1_0_S00_AXI has unconnected port S_AXI_ARPROT[0]
---------------------------------------------------------------------------------
Finished RTL Elaboration : Time (s): cpu = 00:00:04 ; elapsed = 00:00:05 . Memory (MB): peak = 894.230 ; gain = 244.652
---------------------------------------------------------------------------------

Report Check Netlist: 
+------+------------------+-------+---------+-------+------------------+
|      |Item              |Errors |Warnings |Status |Description       |
+------+------------------+-------+---------+-------+------------------+
|1     |multi_driven_nets |      0|        0|Passed |Multi driven nets |
+------+------------------+-------+---------+-------+------------------+
---------------------------------------------------------------------------------
Start Handling Custom Attributes
---------------------------------------------------------------------------------
---------------------------------------------------------------------------------
Finished Handling Custom Attributes : Time (s): cpu = 00:00:04 ; elapsed = 00:00:05 . Memory (MB): peak = 894.230 ; gain = 244.652
---------------------------------------------------------------------------------
---------------------------------------------------------------------------------
Finished RTL Optimization Phase 1 : Time (s): cpu = 00:00:04 ; elapsed = 00:00:05 . Memory (MB): peak = 894.230 ; gain = 244.652
---------------------------------------------------------------------------------
INFO: [Project 1-570] Preparing netlist for logic optimization

Processing XDC Constraints
Initializing timing engine
Completed Processing XDC Constraints

Netlist sorting complete. Time (s): cpu = 00:00:00 ; elapsed = 00:00:00 . Memory (MB): peak = 1007.180 ; gain = 0.000
INFO: [Project 1-111] Unisim Transformation Summary:
No Unisim elements were transformed.

WARNING: [Constraints 18-5210] No constraints selected for write.
Resolution: This message can indicate that there are no constraints for the design, or it can indicate that the used_in flags are set such that the constraints are ignored. This later case is used when running synth_design to not write synthesis constraints to the resulting checkpoint. Instead, project constraints are read when the synthesized design is opened.
Constraint Validation Runtime : Time (s): cpu = 00:00:00 ; elapsed = 00:00:00.057 . Memory (MB): peak = 1008.227 ; gain = 1.047
---------------------------------------------------------------------------------
Finished Constraint Validation : Time (s): cpu = 00:00:09 ; elapsed = 00:00:10 . Memory (MB): peak = 1008.227 ; gain = 358.648
---------------------------------------------------------------------------------
---------------------------------------------------------------------------------
Start Loading Part and Timing Information
---------------------------------------------------------------------------------
Loading part: xc7z007sclg400-1
---------------------------------------------------------------------------------
Finished Loading Part and Timing Information : Time (s): cpu = 00:00:09 ; elapsed = 00:00:10 . Memory (MB): peak = 1008.227 ; gain = 358.648
---------------------------------------------------------------------------------
---------------------------------------------------------------------------------
Start Applying 'set_property' XDC Constraints
---------------------------------------------------------------------------------
---------------------------------------------------------------------------------
Finished applying 'set_property' XDC Constraints : Time (s): cpu = 00:00:09 ; elapsed = 00:00:10 . Memory (MB): peak = 1008.227 ; gain = 358.648
---------------------------------------------------------------------------------
WARNING: [Synth 8-327] inferring latch for variable 'IRQ_O_reg' [c:/Users/jones/Desktop/EE316-Lab6/Lab6/Lab6.srcs/sources_1/bd/design_1/ipshared/9c18/hdl/keyboard_subordinate_v1_0_S00_AXI.vhd:428]
---------------------------------------------------------------------------------
Finished RTL Optimization Phase 2 : Time (s): cpu = 00:00:09 ; elapsed = 00:00:10 . Memory (MB): peak = 1008.227 ; gain = 358.648
---------------------------------------------------------------------------------

Report RTL Partitions: 
+-+--------------+------------+----------+
| |RTL Partition |Replication |Instances |
+-+--------------+------------+----------+
+-+--------------+------------+----------+
---------------------------------------------------------------------------------
Start RTL Component Statistics 
---------------------------------------------------------------------------------
Detailed RTL Component Info : 
+---Adders : 
	   2 Input     10 Bit       Adders := 2     
+---XORs : 
	   2 Input      1 Bit         XORs := 2     
	   9 Input      1 Bit         XORs := 1     
+---Registers : 
	               32 Bit    Registers := 4     
	               11 Bit    Registers := 1     
	               10 Bit    Registers := 2     
	                8 Bit    Registers := 1     
	                4 Bit    Registers := 2     
	                2 Bit    Registers := 5     
	                1 Bit    Registers := 11    
+---Muxes : 
	   2 Input     32 Bit        Muxes := 3     
	   4 Input     32 Bit        Muxes := 4     
	   2 Input      1 Bit        Muxes := 5     
---------------------------------------------------------------------------------
Finished RTL Component Statistics 
---------------------------------------------------------------------------------
---------------------------------------------------------------------------------
Start RTL Hierarchical Component Statistics 
---------------------------------------------------------------------------------
Hierarchical RTL Component report 
Module debounce 
Detailed RTL Component Info : 
+---Adders : 
	   2 Input     10 Bit       Adders := 1     
+---XORs : 
	   2 Input      1 Bit         XORs := 1     
+---Registers : 
	               10 Bit    Registers := 1     
	                2 Bit    Registers := 1     
	                1 Bit    Registers := 1     
Module ps2_keyboard 
Detailed RTL Component Info : 
+---XORs : 
	   9 Input      1 Bit         XORs := 1     
+---Registers : 
	               11 Bit    Registers := 1     
	                8 Bit    Registers := 1     
	                2 Bit    Registers := 1     
	                1 Bit    Registers := 1     
Module keyboard_subordinate_v1_0_S00_AXI 
Detailed RTL Component Info : 
+---Registers : 
	               32 Bit    Registers := 4     
	                4 Bit    Registers := 2     
	                2 Bit    Registers := 2     
	                1 Bit    Registers := 8     
+---Muxes : 
	   2 Input     32 Bit        Muxes := 3     
	   4 Input     32 Bit        Muxes := 4     
	   2 Input      1 Bit        Muxes := 5     
---------------------------------------------------------------------------------
Finished RTL Hierarchical Component Statistics
---------------------------------------------------------------------------------
---------------------------------------------------------------------------------
Start Part Resource Summary
---------------------------------------------------------------------------------
Part Resources:
DSPs: 66 (col length:40)
BRAMs: 100 (col length: RAMB18 40 RAMB36 20)
---------------------------------------------------------------------------------
Finished Part Resource Summary
---------------------------------------------------------------------------------
---------------------------------------------------------------------------------
Start Cross Boundary and Area Optimization
---------------------------------------------------------------------------------
Warning: Parallel synthesis criteria is not met 
WARNING: [Synth 8-3331] design design_1_keyboard_subordinate_0_0 has unconnected port s00_axi_awprot[2]
WARNING: [Synth 8-3331] design design_1_keyboard_subordinate_0_0 has unconnected port s00_axi_awprot[1]
WARNING: [Synth 8-3331] design design_1_keyboard_subordinate_0_0 has unconnected port s00_axi_awprot[0]
WARNING: [Synth 8-3331] design design_1_keyboard_subordinate_0_0 has unconnected port s00_axi_arprot[2]
WARNING: [Synth 8-3331] design design_1_keyboard_subordinate_0_0 has unconnected port s00_axi_arprot[1]
WARNING: [Synth 8-3331] design design_1_keyboard_subordinate_0_0 has unconnected port s00_axi_arprot[0]
INFO: [Synth 8-3886] merging instance 'U0/keyboard_subordinate_v1_0_S00_AXI_inst/axi_rresp_reg[0]' (FDRE) to 'U0/keyboard_subordinate_v1_0_S00_AXI_inst/axi_rresp_reg[1]'
INFO: [Synth 8-3333] propagating constant 0 across sequential element (\U0/keyboard_subordinate_v1_0_S00_AXI_inst/axi_rresp_reg[1] )
INFO: [Synth 8-3886] merging instance 'U0/keyboard_subordinate_v1_0_S00_AXI_inst/axi_bresp_reg[0]' (FDRE) to 'U0/keyboard_subordinate_v1_0_S00_AXI_inst/axi_bresp_reg[1]'
INFO: [Synth 8-3333] propagating constant 0 across sequential element (\U0/keyboard_subordinate_v1_0_S00_AXI_inst/axi_bresp_reg[1] )
---------------------------------------------------------------------------------
Finished Cross Boundary and Area Optimization : Time (s): cpu = 00:00:11 ; elapsed = 00:00:11 . Memory (MB): peak = 1008.227 ; gain = 358.648
---------------------------------------------------------------------------------

Report RTL Partitions: 
+-+--------------+------------+----------+
| |RTL Partition |Replication |Instances |
+-+--------------+------------+----------+
+-+--------------+------------+----------+
---------------------------------------------------------------------------------
Start Applying XDC Timing Constraints
---------------------------------------------------------------------------------
---------------------------------------------------------------------------------
Finished Applying XDC Timing Constraints : Time (s): cpu = 00:00:18 ; elapsed = 00:00:18 . Memory (MB): peak = 1008.227 ; gain = 358.648
---------------------------------------------------------------------------------
---------------------------------------------------------------------------------
Start Timing Optimization
---------------------------------------------------------------------------------
---------------------------------------------------------------------------------
Finished Timing Optimization : Time (s): cpu = 00:00:18 ; elapsed = 00:00:18 . Memory (MB): peak = 1008.227 ; gain = 358.648
---------------------------------------------------------------------------------

Report RTL Partitions: 
+-+--------------+------------+----------+
| |RTL Partition |Replication |Instances |
+-+--------------+------------+----------+
+-+--------------+------------+----------+
---------------------------------------------------------------------------------
Start Technology Mapping
---------------------------------------------------------------------------------
---------------------------------------------------------------------------------
Finished Technology Mapping : Time (s): cpu = 00:00:18 ; elapsed = 00:00:19 . Memory (MB): peak = 1011.844 ; gain = 362.266
---------------------------------------------------------------------------------

Report RTL Partitions: 
+-+--------------+------------+----------+
| |RTL Partition |Replication |Instances |
+-+--------------+------------+----------+
+-+--------------+------------+----------+
---------------------------------------------------------------------------------
Start IO Insertion
---------------------------------------------------------------------------------
---------------------------------------------------------------------------------
Start Flattening Before IO Insertion
---------------------------------------------------------------------------------
---------------------------------------------------------------------------------
Finished Flattening Before IO Insertion
---------------------------------------------------------------------------------
---------------------------------------------------------------------------------
Start Final Netlist Cleanup
---------------------------------------------------------------------------------
---------------------------------------------------------------------------------
Finished Final Netlist Cleanup
---------------------------------------------------------------------------------
---------------------------------------------------------------------------------
Finished IO Insertion : Time (s): cpu = 00:00:20 ; elapsed = 00:00:20 . Memory (MB): peak = 1017.664 ; gain = 368.086
---------------------------------------------------------------------------------

Report Check Netlist: 
+------+------------------+-------+---------+-------+------------------+
|      |Item              |Errors |Warnings |Status |Description       |
+------+------------------+-------+---------+-------+------------------+
|1     |multi_driven_nets |      0|        0|Passed |Multi driven nets |
+------+------------------+-------+---------+-------+------------------+
---------------------------------------------------------------------------------
Start Renaming Generated Instances
---------------------------------------------------------------------------------
---------------------------------------------------------------------------------
Finished Renaming Generated Instances : Time (s): cpu = 00:00:20 ; elapsed = 00:00:20 . Memory (MB): peak = 1017.664 ; gain = 368.086
---------------------------------------------------------------------------------

Report RTL Partitions: 
+-+--------------+------------+----------+
| |RTL Partition |Replication |Instances |
+-+--------------+------------+----------+
+-+--------------+------------+----------+
---------------------------------------------------------------------------------
Start Rebuilding User Hierarchy
---------------------------------------------------------------------------------
---------------------------------------------------------------------------------
Finished Rebuilding User Hierarchy : Time (s): cpu = 00:00:20 ; elapsed = 00:00:20 . Memory (MB): peak = 1017.664 ; gain = 368.086
---------------------------------------------------------------------------------
---------------------------------------------------------------------------------
Start Renaming Generated Ports
---------------------------------------------------------------------------------
---------------------------------------------------------------------------------
Finished Renaming Generated Ports : Time (s): cpu = 00:00:20 ; elapsed = 00:00:20 . Memory (MB): peak = 1017.664 ; gain = 368.086
---------------------------------------------------------------------------------
---------------------------------------------------------------------------------
Start Handling Custom Attributes
---------------------------------------------------------------------------------
---------------------------------------------------------------------------------
Finished Handling Custom Attributes : Time (s): cpu = 00:00:20 ; elapsed = 00:00:20 . Memory (MB): peak = 1017.664 ; gain = 368.086
---------------------------------------------------------------------------------
---------------------------------------------------------------------------------
Start Renaming Generated Nets
---------------------------------------------------------------------------------
---------------------------------------------------------------------------------
Finished Renaming Generated Nets : Time (s): cpu = 00:00:20 ; elapsed = 00:00:20 . Memory (MB): peak = 1017.664 ; gain = 368.086
---------------------------------------------------------------------------------
---------------------------------------------------------------------------------
Start Writing Synthesis Report
---------------------------------------------------------------------------------

Report BlackBoxes: 
+-+--------------+----------+
| |BlackBox name |Instances |
+-+--------------+----------+
+-+--------------+----------+

Report Cell Usage: 
+------+-------+------+
|      |Cell   |Count |
+------+-------+------+
|1     |CARRY4 |     4|
|2     |LUT1   |     7|
|3     |LUT2   |     6|
|4     |LUT3   |     5|
|5     |LUT4   |    27|
|6     |LUT5   |    33|
|7     |LUT6   |    16|
|8     |FDRE   |   198|
|9     |FDSE   |     3|
|10    |LDP    |     1|
+------+-------+------+

Report Instance Areas: 
+------+-------------------------------------------+----------------------------------+------+
|      |Instance                                   |Module                            |Cells |
+------+-------------------------------------------+----------------------------------+------+
|1     |top                                        |                                  |   300|
|2     |  U0                                       |keyboard_subordinate_v1_0         |   300|
|3     |    keyboard_subordinate_v1_0_S00_AXI_inst |keyboard_subordinate_v1_0_S00_AXI |   300|
|4     |      Inst_keyboard                        |ps2_keyboard                      |   101|
|5     |        debounce_ps2_clk                   |debounce                          |    28|
|6     |        debounce_ps2_data                  |debounce_0                        |    27|
+------+-------------------------------------------+----------------------------------+------+
---------------------------------------------------------------------------------
Finished Writing Synthesis Report : Time (s): cpu = 00:00:20 ; elapsed = 00:00:20 . Memory (MB): peak = 1017.664 ; gain = 368.086
---------------------------------------------------------------------------------
Synthesis finished with 0 errors, 0 critical warnings and 7 warnings.
Synthesis Optimization Runtime : Time (s): cpu = 00:00:14 ; elapsed = 00:00:19 . Memory (MB): peak = 1017.664 ; gain = 254.090
Synthesis Optimization Complete : Time (s): cpu = 00:00:20 ; elapsed = 00:00:20 . Memory (MB): peak = 1017.664 ; gain = 368.086
INFO: [Project 1-571] Translating synthesized netlist
INFO: [Netlist 29-17] Analyzing 5 Unisim elements for replacement
INFO: [Netlist 29-28] Unisim Transformation completed in 0 CPU seconds
INFO: [Project 1-570] Preparing netlist for logic optimization
INFO: [Opt 31-138] Pushed 0 inverter(s) to 0 load pin(s).
Netlist sorting complete. Time (s): cpu = 00:00:00 ; elapsed = 00:00:00 . Memory (MB): peak = 1034.148 ; gain = 0.000
INFO: [Project 1-111] Unisim Transformation Summary:
  A total of 1 instances were transformed.
  LDP => LDPE: 1 instances

INFO: [Common 17-83] Releasing license: Synthesis
37 Infos, 17 Warnings, 0 Critical Warnings and 0 Errors encountered.
synth_design completed successfully
synth_design: Time (s): cpu = 00:00:26 ; elapsed = 00:00:39 . Memory (MB): peak = 1034.148 ; gain = 627.422
Netlist sorting complete. Time (s): cpu = 00:00:00 ; elapsed = 00:00:00 . Memory (MB): peak = 1034.148 ; gain = 0.000
WARNING: [Constraints 18-5210] No constraints selected for write.
Resolution: This message can indicate that there are no constraints for the design, or it can indicate that the used_in flags are set such that the constraints are ignored. This later case is used when running synth_design to not write synthesis constraints to the resulting checkpoint. Instead, project constraints are read when the synthesized design is opened.
INFO: [Common 17-1381] The checkpoint 'C:/Users/jones/Desktop/EE316-Lab6/Lab6/Lab6.runs/design_1_keyboard_subordinate_0_0_synth_1/design_1_keyboard_subordinate_0_0.dcp' has been generated.
WARNING: [Common 17-576] 'use_project_ipc' is deprecated. This option is deprecated and no longer used.
INFO: [Coretcl 2-1648] Added synthesis output to IP cache for IP design_1_keyboard_subordinate_0_0, cache-ID = 2bb64cd4e9e0c7c1
INFO: [Coretcl 2-1174] Renamed 5 cell refs.
Netlist sorting complete. Time (s): cpu = 00:00:00 ; elapsed = 00:00:00 . Memory (MB): peak = 1034.148 ; gain = 0.000
WARNING: [Constraints 18-5210] No constraints selected for write.
Resolution: This message can indicate that there are no constraints for the design, or it can indicate that the used_in flags are set such that the constraints are ignored. This later case is used when running synth_design to not write synthesis constraints to the resulting checkpoint. Instead, project constraints are read when the synthesized design is opened.
INFO: [Common 17-1381] The checkpoint 'C:/Users/jones/Desktop/EE316-Lab6/Lab6/Lab6.runs/design_1_keyboard_subordinate_0_0_synth_1/design_1_keyboard_subordinate_0_0.dcp' has been generated.
INFO: [runtcl-4] Executing : report_utilization -file design_1_keyboard_subordinate_0_0_utilization_synth.rpt -pb design_1_keyboard_subordinate_0_0_utilization_synth.pb
INFO: [Common 17-206] Exiting Vivado at Thu Apr 14 15:36:06 2022...
